0 verbose cli /data/data/com.termux/files/usr/bin/node /data/data/com.termux/files/usr/bin/npm
1 info using npm@11.8.0
2 info using node@v25.3.0
3 silly config load:file:/data/data/com.termux/files/usr/lib/node_modules/npm/npmrc
4 silly config load:file:/data/data/com.termux/files/home/cybra_prod/.npmrc
5 silly config load:file:/data/data/com.termux/files/home/.npmrc
6 silly config load:file:/data/data/com.termux/files/usr/etc/npmrc
7 verbose title npm install redis@4
8 verbose argv "install" "redis@4"
9 verbose logfile logs-max:10 dir:/data/data/com.termux/files/home/.npm/_logs/2026-02-01T22_23_20_647Z-
10 verbose logfile /data/data/com.termux/files/home/.npm/_logs/2026-02-01T22_23_20_647Z-debug-0.log
11 silly logfile start cleaning logs, removing 1 files
12 silly packumentCache heap:1044905984 maxSize:261226496 maxEntrySize:130613248
13 silly logfile done cleaning log files
14 silly idealTree buildDeps
15 silly fetch manifest redis@4
16 silly packumentCache full:https://registry.npmjs.org/redis cache-miss
17 http cache https://registry.npmjs.org/redis 70ms (cache hit)
18 silly packumentCache full:https://registry.npmjs.org/redis set size:370889 disposed:false
19 silly placeDep ROOT redis@4.7.1 REPLACE for: cybra_prod@1.0.0 want: 4
20 silly reify moves {}
21 silly audit bulk request {
21 silly audit   '@redis/bloom': [ '1.2.0' ],
21 silly audit   '@redis/client': [ '1.6.1' ],
21 silly audit   '@redis/graph': [ '1.1.1' ],
21 silly audit   '@redis/json': [ '1.0.7' ],
21 silly audit   '@redis/search': [ '1.2.0' ],
21 silly audit   '@redis/time-series': [ '1.1.0' ],
21 silly audit   'cluster-key-slot': [ '1.1.2' ],
21 silly audit   'generic-pool': [ '3.9.0' ],
21 silly audit   yallist: [ '4.0.0' ],
21 silly audit   redis: [ '4.7.1' ]
21 silly audit }
22 http fetch POST 200 https://registry.npmjs.org/-/npm/v1/security/advisories/bulk 465ms
23 silly audit report {}
24 verbose cwd /data/data/com.termux/files/home/cybra_prod
25 verbose os Linux 5.15.167-android13-8-31192385-abA057GXXS9DYJ1
26 verbose node v25.3.0
27 verbose npm  v11.8.0
28 verbose exit 0
29 info ok
