0 verbose cli /data/data/com.termux/files/usr/bin/node /data/data/com.termux/files/usr/bin/npm
1 info using npm@11.8.0
2 info using node@v25.3.0
3 silly config load:file:/data/data/com.termux/files/usr/lib/node_modules/npm/npmrc
4 silly config load:file:/data/data/com.termux/files/home/cybra_prod/.npmrc
5 silly config load:file:/data/data/com.termux/files/home/.npmrc
6 silly config load:file:/data/data/com.termux/files/usr/etc/npmrc
7 verbose title npm init
8 verbose argv "init" "--yes"
9 verbose logfile logs-max:10 dir:/data/data/com.termux/files/home/.npm/_logs/2026-02-01T22_23_18_589Z-
10 verbose logfile /data/data/com.termux/files/home/.npm/_logs/2026-02-01T22_23_18_589Z-debug-0.log
11 silly logfile start cleaning logs, removing 1 files
12 silly logfile done cleaning log files
13 silly package data {
13 silly package data   name: 'cybra_prod',
13 silly package data   version: '1.0.0',
13 silly package data   description: '',
13 silly package data   main: 'index.js',
13 silly package data   scripts: { test: 'echo "Error: no test specified" && exit 1' },
13 silly package data   keywords: [],
13 silly package data   author: '',
13 silly package data   license: 'ISC',
13 silly package data   type: 'commonjs',
13 silly package data   dependencies: { redis: '^4.7.1' },
13 silly package data   devDependencies: {},
13 silly package data   Symbol(newline): '\n',
13 silly package data   Symbol(indent): '  '
13 silly package data }
14 verbose cwd /data/data/com.termux/files/home/cybra_prod
15 verbose os Linux 5.15.167-android13-8-31192385-abA057GXXS9DYJ1
16 verbose node v25.3.0
17 verbose npm  v11.8.0
18 verbose exit 0
19 info ok
