0 verbose cli /data/data/com.termux/files/usr/bin/node /data/data/com.termux/files/usr/bin/npm
1 info using npm@11.8.0
2 info using node@v25.3.0
3 silly config load:file:/data/data/com.termux/files/usr/lib/node_modules/npm/npmrc
4 silly config load:file:/data/data/com.termux/files/home/.npmrc
5 silly config load:file:/data/data/com.termux/files/usr/etc/npmrc
6 verbose title npm install redis
7 verbose argv "install" "redis"
8 verbose logfile logs-max:10 dir:/data/data/com.termux/files/home/.npm/_logs/2026-02-01T22_19_11_655Z-
9 verbose logfile /data/data/com.termux/files/home/.npm/_logs/2026-02-01T22_19_11_655Z-debug-0.log
10 silly logfile start cleaning logs, removing 1 files
11 silly packumentCache heap:1044905984 maxSize:261226496 maxEntrySize:130613248
12 silly logfile done cleaning log files
13 silly idealTree buildDeps
14 silly fetch manifest node-fetch@^3.4.0
15 silly packumentCache full:https://registry.npmjs.org/node-fetch cache-miss
16 http fetch GET 200 https://registry.npmjs.org/node-fetch 382ms (cache revalidated)
17 silly packumentCache full:https://registry.npmjs.org/node-fetch set size:896010 disposed:false
18 silly fetch manifest redis@*
19 silly packumentCache full:https://registry.npmjs.org/redis cache-miss
20 http fetch GET 200 https://registry.npmjs.org/redis 362ms (cache miss)
21 silly packumentCache full:https://registry.npmjs.org/redis set size:undefined disposed:false
22 silly placeDep ROOT node-fetch@ REPLACE for: home@1.0.0 want: ^3.4.0
23 silly placeDep ROOT redis@5.10.0 OK for: home@1.0.0 want: *
24 silly fetch manifest @redis/bloom@5.10.0
25 silly packumentCache full:https://registry.npmjs.org/@redis%2fbloom cache-miss
26 silly fetch manifest @redis/client@5.10.0
27 silly packumentCache full:https://registry.npmjs.org/@redis%2fclient cache-miss
28 silly fetch manifest @redis/json@5.10.0
29 silly packumentCache full:https://registry.npmjs.org/@redis%2fjson cache-miss
30 silly fetch manifest @redis/search@5.10.0
31 silly packumentCache full:https://registry.npmjs.org/@redis%2fsearch cache-miss
32 silly fetch manifest @redis/time-series@5.10.0
33 silly packumentCache full:https://registry.npmjs.org/@redis%2ftime-series cache-miss
34 http fetch GET 200 https://registry.npmjs.org/@redis%2fsearch 613ms (cache miss)
35 silly packumentCache full:https://registry.npmjs.org/@redis%2fsearch set size:undefined disposed:false
36 http fetch GET 200 https://registry.npmjs.org/@redis%2fbloom 622ms (cache miss)
37 silly packumentCache full:https://registry.npmjs.org/@redis%2fbloom set size:undefined disposed:false
38 http fetch GET 200 https://registry.npmjs.org/@redis%2ftime-series 724ms (cache miss)
39 silly packumentCache full:https://registry.npmjs.org/@redis%2ftime-series set size:undefined disposed:false
40 http fetch GET 200 https://registry.npmjs.org/@redis%2fclient 733ms (cache miss)
41 silly packumentCache full:https://registry.npmjs.org/@redis%2fclient set size:undefined disposed:false
42 http fetch GET 200 https://registry.npmjs.org/@redis%2fjson 849ms (cache miss)
43 silly packumentCache full:https://registry.npmjs.org/@redis%2fjson set size:undefined disposed:false
44 silly placeDep ROOT @redis/bloom@5.10.0 OK for: redis@5.10.0 want: 5.10.0
45 silly placeDep ROOT @redis/client@5.10.0 OK for: @redis/bloom@5.10.0 want: ^5.10.0
46 silly placeDep ROOT @redis/json@5.10.0 OK for: redis@5.10.0 want: 5.10.0
47 silly placeDep ROOT @redis/search@5.10.0 OK for: redis@5.10.0 want: 5.10.0
48 silly placeDep ROOT @redis/time-series@5.10.0 OK for: redis@5.10.0 want: 5.10.0
49 silly fetch manifest cluster-key-slot@1.1.2
50 silly packumentCache full:https://registry.npmjs.org/cluster-key-slot cache-miss
51 http fetch GET 200 https://registry.npmjs.org/cluster-key-slot 318ms (cache miss)
52 silly packumentCache full:https://registry.npmjs.org/cluster-key-slot set size:undefined disposed:false
53 silly placeDep ROOT cluster-key-slot@1.1.2 OK for: @redis/client@5.10.0 want: 1.1.2
54 verbose type range
55 verbose stack node-fetch: No matching version found for node-fetch@^3.4.0.
55 verbose stack     at module.exports (/data/data/com.termux/files/usr/lib/node_modules/npm/node_modules/npm-pick-manifest/lib/index.js:210:23)
55 verbose stack     at RegistryFetcher.manifest (/data/data/com.termux/files/usr/lib/node_modules/npm/node_modules/pacote/lib/registry.js:130:54)
55 verbose stack     at async #fetchManifest (/data/data/com.termux/files/usr/lib/node_modules/npm/node_modules/@npmcli/arborist/lib/arborist/build-ideal-tree.js:1216:20)
55 verbose stack     at async #nodeFromEdge (/data/data/com.termux/files/usr/lib/node_modules/npm/node_modules/@npmcli/arborist/lib/arborist/build-ideal-tree.js:1054:19)
55 verbose stack     at async #buildDepStep (/data/data/com.termux/files/usr/lib/node_modules/npm/node_modules/@npmcli/arborist/lib/arborist/build-ideal-tree.js:918:11)
55 verbose stack     at async Arborist.buildIdealTree (/data/data/com.termux/files/usr/lib/node_modules/npm/node_modules/@npmcli/arborist/lib/arborist/build-ideal-tree.js:170:7)
55 verbose stack     at async Promise.all (index 1)
55 verbose stack     at async Arborist.reify (/data/data/com.termux/files/usr/lib/node_modules/npm/node_modules/@npmcli/arborist/lib/arborist/reify.js:110:5)
55 verbose stack     at async Install.exec (/data/data/com.termux/files/usr/lib/node_modules/npm/lib/commands/install.js:150:5)
55 verbose stack     at async Npm.exec (/data/data/com.termux/files/usr/lib/node_modules/npm/lib/npm.js:208:9)
56 error code ETARGET
57 error notarget No matching version found for node-fetch@^3.4.0.
58 error notarget In most cases you or one of your dependencies are requesting
58 error notarget a package version that doesn't exist.
59 silly unfinished npm timer reify 1769984352389
60 silly unfinished npm timer reify:loadTrees 1769984352392
61 verbose cwd /data/data/com.termux/files/home
62 verbose os Linux 5.15.167-android13-8-31192385-abA057GXXS9DYJ1
63 verbose node v25.3.0
64 verbose npm  v11.8.0
65 verbose exit 1
66 verbose code 1
67 error A complete log of this run can be found in: /data/data/com.termux/files/home/.npm/_logs/2026-02-01T22_19_11_655Z-debug-0.log
