0 verbose cli /data/data/com.termux/files/usr/bin/node /data/data/com.termux/files/usr/bin/npm
1 info using npm@11.8.0
2 info using node@v25.3.0
3 silly config load:file:/data/data/com.termux/files/usr/lib/node_modules/npm/npmrc
4 silly config load:file:/data/data/com.termux/files/home/CYBRA/node/.npmrc
5 silly config load:file:/data/data/com.termux/files/home/.npmrc
6 silly config load:file:/data/data/com.termux/files/usr/etc/npmrc
7 verbose title npm install redis@^4.6.7
8 verbose argv "install" "redis@^4.6.7"
9 verbose logfile logs-max:10 dir:/data/data/com.termux/files/home/.npm/_logs/2026-02-01T23_33_43_280Z-
10 verbose logfile /data/data/com.termux/files/home/.npm/_logs/2026-02-01T23_33_43_280Z-debug-0.log
11 silly logfile start cleaning logs, removing 1 files
12 silly packumentCache heap:1044905984 maxSize:261226496 maxEntrySize:130613248
13 silly logfile done cleaning log files
14 silly idealTree buildDeps
15 silly fetch manifest redis@^4.6.7
16 silly packumentCache full:https://registry.npmjs.org/redis cache-miss
17 http fetch GET 200 https://registry.npmjs.org/redis 546ms (cache revalidated)
18 silly packumentCache full:https://registry.npmjs.org/redis set size:370889 disposed:false
19 silly placeDep ROOT redis@4.7.1 OK for: node@1.0.0 want: ^4.6.7
20 silly fetch manifest @redis/json@1.0.7
21 silly packumentCache full:https://registry.npmjs.org/@redis%2fjson cache-miss
22 silly fetch manifest @redis/bloom@1.2.0
23 silly packumentCache full:https://registry.npmjs.org/@redis%2fbloom cache-miss
24 silly fetch manifest @redis/graph@1.1.1
25 silly packumentCache full:https://registry.npmjs.org/@redis%2fgraph cache-miss
26 silly fetch manifest @redis/client@1.6.1
27 silly packumentCache full:https://registry.npmjs.org/@redis%2fclient cache-miss
28 silly fetch manifest @redis/search@1.2.0
29 silly packumentCache full:https://registry.npmjs.org/@redis%2fsearch cache-miss
30 silly fetch manifest @redis/time-series@1.1.0
31 silly packumentCache full:https://registry.npmjs.org/@redis%2ftime-series cache-miss
32 http fetch GET 200 https://registry.npmjs.org/@redis%2fgraph 370ms (cache revalidated)
33 silly packumentCache full:https://registry.npmjs.org/@redis%2fgraph set size:14382 disposed:false
34 http fetch GET 200 https://registry.npmjs.org/@redis%2fjson 476ms (cache revalidated)
35 silly packumentCache full:https://registry.npmjs.org/@redis%2fjson set size:58142 disposed:false
36 http fetch GET 200 https://registry.npmjs.org/@redis%2ftime-series 965ms (cache revalidated)
37 silly packumentCache full:https://registry.npmjs.org/@redis%2ftime-series set size:60396 disposed:false
38 http fetch GET 200 https://registry.npmjs.org/@redis%2fclient 974ms (cache revalidated)
39 silly packumentCache full:https://registry.npmjs.org/@redis%2fclient set size:130581 disposed:false
40 http fetch GET 200 https://registry.npmjs.org/@redis%2fsearch 979ms (cache revalidated)
41 silly packumentCache full:https://registry.npmjs.org/@redis%2fsearch set size:74230 disposed:false
42 http fetch GET 200 https://registry.npmjs.org/@redis%2fbloom 999ms (cache revalidated)
43 silly packumentCache full:https://registry.npmjs.org/@redis%2fbloom set size:56023 disposed:false
44 silly placeDep ROOT @redis/bloom@1.2.0 OK for: redis@4.7.1 want: 1.2.0
45 silly placeDep ROOT @redis/client@1.6.1 OK for: @redis/bloom@1.2.0 want: ^1.0.0
46 silly placeDep ROOT @redis/graph@1.1.1 OK for: redis@4.7.1 want: 1.1.1
47 silly placeDep ROOT @redis/json@1.0.7 OK for: redis@4.7.1 want: 1.0.7
48 silly placeDep ROOT @redis/search@1.2.0 OK for: redis@4.7.1 want: 1.2.0
49 silly placeDep ROOT @redis/time-series@1.1.0 OK for: redis@4.7.1 want: 1.1.0
50 silly fetch manifest yallist@4.0.0
51 silly packumentCache full:https://registry.npmjs.org/yallist cache-miss
52 silly fetch manifest generic-pool@3.9.0
53 silly packumentCache full:https://registry.npmjs.org/generic-pool cache-miss
54 silly fetch manifest cluster-key-slot@1.1.2
55 silly packumentCache full:https://registry.npmjs.org/cluster-key-slot cache-miss
56 http fetch GET 200 https://registry.npmjs.org/yallist 81ms (cache revalidated)
57 silly packumentCache full:https://registry.npmjs.org/yallist set size:34610 disposed:false
58 http fetch GET 200 https://registry.npmjs.org/generic-pool 85ms (cache revalidated)
59 silly packumentCache full:https://registry.npmjs.org/generic-pool set size:193866 disposed:false
60 http fetch GET 200 https://registry.npmjs.org/cluster-key-slot 98ms (cache revalidated)
61 silly packumentCache full:https://registry.npmjs.org/cluster-key-slot set size:44701 disposed:false
62 silly placeDep ROOT cluster-key-slot@1.1.2 OK for: @redis/client@1.6.1 want: 1.1.2
63 silly placeDep ROOT generic-pool@3.9.0 OK for: @redis/client@1.6.1 want: 3.9.0
64 silly placeDep ROOT yallist@4.0.0 OK for: @redis/client@1.6.1 want: 4.0.0
65 silly reify moves {}
66 silly audit bulk request {
66 silly audit   redis: [ '4.7.1' ],
66 silly audit   '@redis/bloom': [ '1.2.0' ],
66 silly audit   '@redis/client': [ '1.6.1' ],
66 silly audit   '@redis/graph': [ '1.1.1' ],
66 silly audit   '@redis/json': [ '1.0.7' ],
66 silly audit   '@redis/search': [ '1.2.0' ],
66 silly audit   '@redis/time-series': [ '1.1.0' ],
66 silly audit   'cluster-key-slot': [ '1.1.2' ],
66 silly audit   'generic-pool': [ '3.9.0' ],
66 silly audit   yallist: [ '4.0.0' ]
66 silly audit }
67 http cache generic-pool@https://registry.npmjs.org/generic-pool/-/generic-pool-3.9.0.tgz 0ms (cache hit)
68 http cache yallist@https://registry.npmjs.org/yallist/-/yallist-4.0.0.tgz 0ms (cache hit)
69 http cache cluster-key-slot@https://registry.npmjs.org/cluster-key-slot/-/cluster-key-slot-1.1.2.tgz 0ms (cache hit)
70 http cache @redis/search@https://registry.npmjs.org/@redis/search/-/search-1.2.0.tgz 0ms (cache hit)
71 http cache @redis/json@https://registry.npmjs.org/@redis/json/-/json-1.0.7.tgz 0ms (cache hit)
72 http cache @redis/time-series@https://registry.npmjs.org/@redis/time-series/-/time-series-1.1.0.tgz 0ms (cache hit)
73 http cache @redis/graph@https://registry.npmjs.org/@redis/graph/-/graph-1.1.1.tgz 0ms (cache hit)
74 http cache @redis/client@https://registry.npmjs.org/@redis/client/-/client-1.6.1.tgz 0ms (cache hit)
75 http cache @redis/bloom@https://registry.npmjs.org/@redis/bloom/-/bloom-1.2.0.tgz 0ms (cache hit)
76 http cache redis@https://registry.npmjs.org/redis/-/redis-4.7.1.tgz 0ms (cache hit)
77 http fetch POST 200 https://registry.npmjs.org/-/npm/v1/security/advisories/bulk 762ms
78 silly audit report {}
79 silly ADD node_modules/yallist
80 silly ADD node_modules/generic-pool
81 silly ADD node_modules/cluster-key-slot
82 silly ADD node_modules/@redis/time-series
83 silly ADD node_modules/@redis/search
84 silly ADD node_modules/@redis/json
85 silly ADD node_modules/@redis/graph
86 silly ADD node_modules/@redis/client
87 silly ADD node_modules/@redis/bloom
88 silly ADD node_modules/redis
89 verbose cwd /data/data/com.termux/files/home/CYBRA/node
90 verbose os Linux 5.15.167-android13-8-31192385-abA057GXXS9DYJ1
91 verbose node v25.3.0
92 verbose npm  v11.8.0
93 verbose exit 0
94 info ok
