0 verbose cli /data/data/com.termux/files/usr/bin/node /data/data/com.termux/files/usr/bin/npm
1 info using npm@11.8.0
2 info using node@v25.3.0
3 silly config load:file:/data/data/com.termux/files/usr/lib/node_modules/npm/npmrc
4 silly config load:file:/data/data/com.termux/files/home/.npmrc
5 silly config load:file:/data/data/com.termux/files/usr/etc/npmrc
6 verbose title npm install inquirer
7 verbose argv "install" "inquirer"
8 verbose logfile logs-max:10 dir:/data/data/com.termux/files/home/.npm/_logs/2026-02-07T22_05_11_423Z-
9 verbose logfile /data/data/com.termux/files/home/.npm/_logs/2026-02-07T22_05_11_423Z-debug-0.log
10 silly logfile start cleaning logs, removing 1 files
11 silly packumentCache heap:1044905984 maxSize:261226496 maxEntrySize:130613248
12 silly logfile done cleaning log files
13 silly idealTree buildDeps
14 silly fetch manifest inquirer@*
15 silly packumentCache full:https://registry.npmjs.org/inquirer cache-miss
16 http fetch GET 200 https://registry.npmjs.org/inquirer 1176ms (cache miss)
17 silly packumentCache full:https://registry.npmjs.org/inquirer set size:undefined disposed:false
18 silly fetch manifest @types/node@>=18
19 silly packumentCache full:https://registry.npmjs.org/@types%2fnode cache-miss
20 http fetch GET 200 https://registry.npmjs.org/@types%2fnode 4872ms (cache updated)
21 silly packumentCache full:https://registry.npmjs.org/@types%2fnode set size:undefined disposed:false
22 silly placeDep ROOT inquirer@13.2.2 OK for: solana-token-script@1.0.0 want: *
23 silly placeDep ROOT @types/node@25.2.1 REPLACE for: inquirer@13.2.2 want: >=18
24 silly fetch manifest @inquirer/ansi@^2.0.3
25 silly packumentCache full:https://registry.npmjs.org/@inquirer%2fansi cache-miss
26 silly fetch manifest @inquirer/core@^11.1.1
27 silly packumentCache full:https://registry.npmjs.org/@inquirer%2fcore cache-miss
28 silly fetch manifest @inquirer/prompts@^8.2.0
29 silly packumentCache full:https://registry.npmjs.org/@inquirer%2fprompts cache-miss
30 silly fetch manifest @inquirer/type@^4.0.3
31 silly packumentCache full:https://registry.npmjs.org/@inquirer%2ftype cache-miss
32 silly fetch manifest mute-stream@^3.0.0
33 silly packumentCache full:https://registry.npmjs.org/mute-stream cache-miss
34 http fetch GET 200 https://registry.npmjs.org/@inquirer%2ftype 229ms (cache miss)
35 silly packumentCache full:https://registry.npmjs.org/@inquirer%2ftype set size:undefined disposed:false
36 silly fetch manifest run-async@^4.0.6
37 silly packumentCache full:https://registry.npmjs.org/run-async cache-miss
38 http fetch GET 200 https://registry.npmjs.org/@inquirer%2fcore 689ms (cache miss)
39 silly packumentCache full:https://registry.npmjs.org/@inquirer%2fcore set size:undefined disposed:false
40 silly fetch manifest rxjs@^7.8.2
41 silly packumentCache full:https://registry.npmjs.org/rxjs cache-miss
42 http fetch GET 200 https://registry.npmjs.org/@inquirer%2fansi 718ms (cache miss)
43 silly packumentCache full:https://registry.npmjs.org/@inquirer%2fansi set size:undefined disposed:false
44 silly fetch manifest undici-types@~7.16.0
45 silly packumentCache full:https://registry.npmjs.org/undici-types cache-miss
46 http fetch GET 200 https://registry.npmjs.org/mute-stream 723ms (cache miss)
47 silly packumentCache full:https://registry.npmjs.org/mute-stream set size:undefined disposed:false
48 http fetch GET 200 https://registry.npmjs.org/run-async 491ms (cache miss)
49 silly packumentCache full:https://registry.npmjs.org/run-async set size:undefined disposed:false
50 http fetch GET 200 https://registry.npmjs.org/@inquirer%2fprompts 825ms (cache miss)
51 silly packumentCache full:https://registry.npmjs.org/@inquirer%2fprompts set size:undefined disposed:false
52 http fetch GET 200 https://registry.npmjs.org/rxjs 309ms (cache miss)
53 silly packumentCache full:https://registry.npmjs.org/rxjs set size:undefined disposed:false
54 http fetch GET 200 https://registry.npmjs.org/undici-types 344ms (cache miss)
55 silly packumentCache full:https://registry.npmjs.org/undici-types set size:undefined disposed:false
56 silly placeDep ROOT undici-types@7.16.0 OK for: @types/node@25.2.1 want: ~7.16.0
57 silly placeDep ROOT @inquirer/ansi@2.0.3 OK for: inquirer@13.2.2 want: ^2.0.3
58 silly placeDep ROOT @inquirer/core@11.1.1 OK for: inquirer@13.2.2 want: ^11.1.1
59 silly placeDep ROOT @inquirer/prompts@8.2.0 OK for: inquirer@13.2.2 want: ^8.2.0
60 silly placeDep ROOT @inquirer/type@4.0.3 OK for: inquirer@13.2.2 want: ^4.0.3
61 silly placeDep ROOT mute-stream@3.0.0 OK for: inquirer@13.2.2 want: ^3.0.0
62 silly placeDep ROOT run-async@4.0.6 OK for: inquirer@13.2.2 want: ^4.0.6
63 silly placeDep ROOT rxjs@7.8.2 OK for: inquirer@13.2.2 want: ^7.8.2
64 silly fetch manifest @inquirer/figures@^2.0.3
65 silly packumentCache full:https://registry.npmjs.org/@inquirer%2ffigures cache-miss
66 silly fetch manifest cli-width@^4.1.0
67 silly packumentCache full:https://registry.npmjs.org/cli-width cache-miss
68 silly fetch manifest signal-exit@^4.1.0
69 silly packumentCache full:https://registry.npmjs.org/signal-exit cache-miss
70 silly fetch manifest wrap-ansi@^9.0.2
71 silly packumentCache full:https://registry.npmjs.org/wrap-ansi cache-miss
72 silly fetch manifest @inquirer/checkbox@^5.0.4
73 silly packumentCache full:https://registry.npmjs.org/@inquirer%2fcheckbox cache-miss
74 http fetch GET 200 https://registry.npmjs.org/cli-width 165ms (cache miss)
75 silly packumentCache full:https://registry.npmjs.org/cli-width set size:undefined disposed:false
76 silly fetch manifest @inquirer/confirm@^6.0.4
77 silly packumentCache full:https://registry.npmjs.org/@inquirer%2fconfirm cache-miss
78 http fetch GET 200 https://registry.npmjs.org/@inquirer%2ffigures 400ms (cache miss)
79 silly packumentCache full:https://registry.npmjs.org/@inquirer%2ffigures set size:undefined disposed:false
80 silly fetch manifest @inquirer/editor@^5.0.4
81 silly packumentCache full:https://registry.npmjs.org/@inquirer%2feditor cache-miss
82 http fetch GET 200 https://registry.npmjs.org/signal-exit 463ms (cache miss)
83 silly packumentCache full:https://registry.npmjs.org/signal-exit set size:undefined disposed:false
84 silly fetch manifest @inquirer/expand@^5.0.4
85 silly packumentCache full:https://registry.npmjs.org/@inquirer%2fexpand cache-miss
86 http fetch GET 200 https://registry.npmjs.org/wrap-ansi 527ms (cache miss)
87 silly packumentCache full:https://registry.npmjs.org/wrap-ansi set size:undefined disposed:false
88 silly fetch manifest @inquirer/input@^5.0.4
89 silly packumentCache full:https://registry.npmjs.org/@inquirer%2finput cache-miss
90 http fetch GET 200 https://registry.npmjs.org/@inquirer%2fconfirm 802ms (cache miss)
91 silly packumentCache full:https://registry.npmjs.org/@inquirer%2fconfirm set size:undefined disposed:false
92 silly fetch manifest @inquirer/number@^4.0.4
93 silly packumentCache full:https://registry.npmjs.org/@inquirer%2fnumber cache-miss
94 http fetch GET 200 https://registry.npmjs.org/@inquirer%2fcheckbox 1056ms (cache miss)
95 silly packumentCache full:https://registry.npmjs.org/@inquirer%2fcheckbox set size:undefined disposed:false
96 silly fetch manifest @inquirer/password@^5.0.4
97 silly packumentCache full:https://registry.npmjs.org/@inquirer%2fpassword cache-miss
98 http fetch GET 200 https://registry.npmjs.org/@inquirer%2feditor 835ms (cache miss)
99 silly packumentCache full:https://registry.npmjs.org/@inquirer%2feditor set size:undefined disposed:false
100 silly fetch manifest @inquirer/rawlist@^5.2.0
101 silly packumentCache full:https://registry.npmjs.org/@inquirer%2frawlist cache-miss
102 http fetch GET 200 https://registry.npmjs.org/@inquirer%2fnumber 329ms (cache miss)
103 silly packumentCache full:https://registry.npmjs.org/@inquirer%2fnumber set size:undefined disposed:false
104 silly fetch manifest @inquirer/search@^4.1.0
105 silly packumentCache full:https://registry.npmjs.org/@inquirer%2fsearch cache-miss
106 http fetch GET 200 https://registry.npmjs.org/@inquirer%2fexpand 1067ms (cache miss)
107 silly packumentCache full:https://registry.npmjs.org/@inquirer%2fexpand set size:undefined disposed:false
108 silly fetch manifest @inquirer/select@^5.0.4
109 silly packumentCache full:https://registry.npmjs.org/@inquirer%2fselect cache-miss
110 http fetch GET 200 https://registry.npmjs.org/@inquirer%2finput 1224ms (cache miss)
111 silly packumentCache full:https://registry.npmjs.org/@inquirer%2finput set size:undefined disposed:false
112 http fetch GET 200 https://registry.npmjs.org/@inquirer%2fpassword 901ms (cache miss)
113 silly packumentCache full:https://registry.npmjs.org/@inquirer%2fpassword set size:undefined disposed:false
114 http fetch GET 200 https://registry.npmjs.org/@inquirer%2fsearch 814ms (cache miss)
115 silly packumentCache full:https://registry.npmjs.org/@inquirer%2fsearch set size:undefined disposed:false
116 http fetch GET 200 https://registry.npmjs.org/@inquirer%2frawlist 995ms (cache miss)
117 silly packumentCache full:https://registry.npmjs.org/@inquirer%2frawlist set size:undefined disposed:false
118 http fetch GET 200 https://registry.npmjs.org/@inquirer%2fselect 895ms (cache miss)
119 silly packumentCache full:https://registry.npmjs.org/@inquirer%2fselect set size:undefined disposed:false
120 silly placeDep ROOT @inquirer/figures@2.0.3 OK for: @inquirer/core@11.1.1 want: ^2.0.3
121 silly placeDep ROOT cli-width@4.1.0 OK for: @inquirer/core@11.1.1 want: ^4.1.0
122 silly placeDep ROOT signal-exit@4.1.0 OK for: @inquirer/core@11.1.1 want: ^4.1.0
123 silly placeDep ROOT wrap-ansi@9.0.2 OK for: @inquirer/core@11.1.1 want: ^9.0.2
124 silly fetch manifest strip-ansi@^7.1.0
125 silly packumentCache full:https://registry.npmjs.org/strip-ansi cache-miss
126 silly fetch manifest ansi-styles@^6.2.1
127 silly packumentCache full:https://registry.npmjs.org/ansi-styles cache-miss
128 silly fetch manifest string-width@^7.0.0
129 silly packumentCache full:https://registry.npmjs.org/string-width cache-miss
130 http fetch GET 200 https://registry.npmjs.org/strip-ansi 159ms (cache miss)
131 silly packumentCache full:https://registry.npmjs.org/strip-ansi set size:undefined disposed:false
132 http fetch GET 200 https://registry.npmjs.org/string-width 252ms (cache miss)
133 silly packumentCache full:https://registry.npmjs.org/string-width set size:undefined disposed:false
134 http fetch GET 200 https://registry.npmjs.org/ansi-styles 305ms (cache miss)
135 silly packumentCache full:https://registry.npmjs.org/ansi-styles set size:undefined disposed:false
136 silly placeDep ROOT @inquirer/checkbox@5.0.4 OK for: @inquirer/prompts@8.2.0 want: ^5.0.4
137 silly placeDep ROOT @inquirer/confirm@6.0.4 OK for: @inquirer/prompts@8.2.0 want: ^6.0.4
138 silly placeDep ROOT @inquirer/editor@5.0.4 OK for: @inquirer/prompts@8.2.0 want: ^5.0.4
139 silly placeDep ROOT @inquirer/expand@5.0.4 OK for: @inquirer/prompts@8.2.0 want: ^5.0.4
140 silly placeDep ROOT @inquirer/input@5.0.4 OK for: @inquirer/prompts@8.2.0 want: ^5.0.4
141 silly placeDep ROOT @inquirer/number@4.0.4 OK for: @inquirer/prompts@8.2.0 want: ^4.0.4
142 silly placeDep ROOT @inquirer/password@5.0.4 OK for: @inquirer/prompts@8.2.0 want: ^5.0.4
143 silly placeDep ROOT @inquirer/rawlist@5.2.0 OK for: @inquirer/prompts@8.2.0 want: ^5.2.0
144 silly placeDep ROOT @inquirer/search@4.1.0 OK for: @inquirer/prompts@8.2.0 want: ^4.1.0
145 silly placeDep ROOT @inquirer/select@5.0.4 OK for: @inquirer/prompts@8.2.0 want: ^5.0.4
146 silly fetch manifest @inquirer/external-editor@^2.0.3
147 silly packumentCache full:https://registry.npmjs.org/@inquirer%2fexternal-editor cache-miss
148 http fetch GET 200 https://registry.npmjs.org/@inquirer%2fexternal-editor 189ms (cache miss)
149 silly packumentCache full:https://registry.npmjs.org/@inquirer%2fexternal-editor set size:undefined disposed:false
150 silly placeDep ROOT @inquirer/external-editor@2.0.3 OK for: @inquirer/editor@5.0.4 want: ^2.0.3
151 silly fetch manifest chardet@^2.1.1
152 silly packumentCache full:https://registry.npmjs.org/chardet cache-miss
153 silly fetch manifest iconv-lite@^0.7.2
154 silly packumentCache full:https://registry.npmjs.org/iconv-lite cache-miss
155 http fetch GET 200 https://registry.npmjs.org/iconv-lite 190ms (cache miss)
156 silly packumentCache full:https://registry.npmjs.org/iconv-lite set size:undefined disposed:false
157 http fetch GET 200 https://registry.npmjs.org/chardet 248ms (cache miss)
158 silly packumentCache full:https://registry.npmjs.org/chardet set size:undefined disposed:false
159 silly placeDep ROOT chardet@2.1.1 OK for: @inquirer/external-editor@2.0.3 want: ^2.1.1
160 silly placeDep ROOT iconv-lite@0.7.2 OK for: @inquirer/external-editor@2.0.3 want: ^0.7.2
161 silly fetch manifest safer-buffer@>= 2.1.2 < 3.0.0
162 silly packumentCache full:https://registry.npmjs.org/safer-buffer cache-miss
163 http fetch GET 200 https://registry.npmjs.org/safer-buffer 132ms (cache miss)
164 silly packumentCache full:https://registry.npmjs.org/safer-buffer set size:undefined disposed:false
165 silly placeDep ROOT safer-buffer@2.1.2 OK for: iconv-lite@0.7.2 want: >= 2.1.2 < 3.0.0
166 silly fetch manifest @types/node@^12.12.54
167 silly packumentCache full:https://registry.npmjs.org/@types%2fnode cache-miss
168 http cache https://registry.npmjs.org/@types%2fnode 153ms (cache hit)
169 silly packumentCache full:https://registry.npmjs.org/@types%2fnode set size:10833619 disposed:false
170 silly placeDep node_modules/jayson @types/node@12.20.55 OK for: jayson@4.3.0 want: ^12.12.54
171 silly placeDep ROOT ansi-styles@6.2.3 OK for: wrap-ansi@9.0.2 want: ^6.2.1
172 silly placeDep ROOT string-width@7.2.0 OK for: wrap-ansi@9.0.2 want: ^7.0.0
173 silly placeDep ROOT strip-ansi@7.1.2 OK for: wrap-ansi@9.0.2 want: ^7.1.0
174 silly fetch manifest emoji-regex@^10.3.0
175 silly packumentCache full:https://registry.npmjs.org/emoji-regex cache-miss
176 silly fetch manifest get-east-asian-width@^1.0.0
177 silly packumentCache full:https://registry.npmjs.org/get-east-asian-width cache-miss
178 silly fetch manifest ansi-regex@^6.0.1
179 silly packumentCache full:https://registry.npmjs.org/ansi-regex cache-miss
180 http fetch GET 200 https://registry.npmjs.org/get-east-asian-width 147ms (cache miss)
181 silly packumentCache full:https://registry.npmjs.org/get-east-asian-width set size:undefined disposed:false
182 http fetch GET 200 https://registry.npmjs.org/ansi-regex 178ms (cache miss)
183 silly packumentCache full:https://registry.npmjs.org/ansi-regex set size:undefined disposed:false
184 http fetch GET 200 https://registry.npmjs.org/emoji-regex 399ms (cache miss)
185 silly packumentCache full:https://registry.npmjs.org/emoji-regex set size:undefined disposed:false
186 silly placeDep ROOT emoji-regex@10.6.0 OK for: string-width@7.2.0 want: ^10.3.0
187 silly placeDep ROOT get-east-asian-width@1.4.0 OK for: string-width@7.2.0 want: ^1.0.0
188 silly placeDep ROOT ansi-regex@6.2.2 OK for: strip-ansi@7.1.2 want: ^6.0.1
189 silly reify mark retired [ '/data/data/com.termux/files/home/node_modules/@types/node' ]
190 silly reify moves {
190 silly reify   '/data/data/com.termux/files/home/node_modules/@types/node': '/data/data/com.termux/files/home/node_modules/@types/.node-ImvShB6u'
190 silly reify }
191 silly audit bulk request {
191 silly audit   '@babel/runtime': [ '7.28.6' ],
191 silly audit   '@metaplex-foundation/beet': [ '0.7.2' ],
191 silly audit   '@metaplex-foundation/beet-solana': [ '0.4.1' ],
191 silly audit   '@metaplex-foundation/cusper': [ '0.0.2' ],
191 silly audit   '@metaplex-foundation/mpl-token-metadata': [ '2.13.0' ],
191 silly audit   '@solana/spl-token': [ '0.3.11', '0.4.14' ],
191 silly audit   '@noble/curves': [ '1.9.7' ],
191 silly audit   '@noble/hashes': [ '1.8.0' ],
191 silly audit   '@solana/buffer-layout': [ '4.0.1' ],
191 silly audit   '@solana/buffer-layout-utils': [ '0.2.0' ],
191 silly audit   '@solana/codecs': [ '2.0.0-rc.1' ],
191 silly audit   '@solana/codecs-core': [ '2.0.0-rc.1' ],
191 silly audit   '@solana/codecs-data-structures': [ '2.0.0-rc.1' ],
191 silly audit   '@solana/codecs-numbers': [ '2.0.0-rc.1' ],
191 silly audit   '@solana/codecs-strings': [ '2.0.0-rc.1' ],
191 silly audit   '@solana/errors': [ '2.0.0-rc.1' ],
191 silly audit   '@solana/options': [ '2.0.0-rc.1' ],
191 silly audit   '@solana/spl-token-group': [ '0.0.7' ],
191 silly audit   '@solana/spl-token-metadata': [ '0.1.6' ],
191 silly audit   '@solana/web3.js': [ '1.95.5' ],
191 silly audit   'base-x': [ '3.0.11', '4.0.1' ],
191 silly audit   bs58: [ '4.0.1', '5.0.0' ],
191 silly audit   '@swc/helpers': [ '0.5.18' ],
191 silly audit   '@types/connect': [ '3.4.38' ],
191 silly audit   '@types/uuid': [ '8.3.4' ],
191 silly audit   '@types/ws': [ '7.4.7', '8.18.1' ],
191 silly audit   agentkeepalive: [ '4.6.0' ],
191 silly audit   ansicolors: [ '0.3.2' ],
191 silly audit   assert: [ '2.1.0' ],
191 silly audit   'available-typed-arrays': [ '1.0.7' ],
191 silly audit   'base64-js': [ '1.5.1' ],
191 silly audit   'bigint-buffer': [ '1.1.5' ],
191 silly audit   'bignumber.js': [ '9.3.1' ],
191 silly audit   bindings: [ '1.5.0' ],
191 silly audit   'bn.js': [ '5.2.2' ],
191 silly audit   borsh: [ '0.7.0' ],
191 silly audit   buffer: [ '6.0.3' ],
191 silly audit   bufferutil: [ '4.1.0' ],
191 silly audit   'call-bind': [ '1.0.8' ],
191 silly audit   'call-bind-apply-helpers': [ '1.0.2' ],
191 silly audit   'call-bound': [ '1.0.4' ],
191 silly audit   chalk: [ '5.6.2' ],
191 silly audit   commander: [ '12.1.0', '2.20.3' ],
191 silly audit   debug: [ '4.4.3' ],
191 silly audit   'define-data-property': [ '1.1.4' ],
191 silly audit   'define-properties': [ '1.2.1' ],
191 silly audit   delay: [ '5.0.0' ],
191 silly audit   'dunder-proto': [ '1.0.1' ],
191 silly audit   'es-define-property': [ '1.0.1' ],
191 silly audit   'es-errors': [ '1.3.0' ],
191 silly audit   'es-object-atoms': [ '1.1.1' ],
191 silly audit   'es6-promise': [ '4.2.8' ],
191 silly audit   'es6-promisify': [ '5.0.0' ],
191 silly audit   eventemitter3: [ '5.0.4' ],
191 silly audit   eyes: [ '0.1.8' ],
191 silly audit   'fast-stable-stringify': [ '1.0.0' ],
191 silly audit   fastestsmallesttextencoderdecoder: [ '1.0.22' ],
191 silly audit   'file-uri-to-path': [ '1.0.0' ],
191 silly audit   'for-each': [ '0.3.5' ],
191 silly audit   'function-bind': [ '1.1.2' ],
191 silly audit   'generator-function': [ '2.0.1' ],
191 silly audit   'get-intrinsic': [ '1.3.0' ],
191 silly audit   'get-proto': [ '1.0.1' ],
191 silly audit   gopd: [ '1.2.0' ],
191 silly audit   'has-property-descriptors': [ '1.0.2' ],
191 silly audit   'has-symbols': [ '1.1.0' ],
191 silly audit   'has-tostringtag': [ '1.0.2' ],
191 silly audit   hasown: [ '2.0.2' ],
191 silly audit   'humanize-ms': [ '1.2.1' ],
191 silly audit   ieee754: [ '1.2.1' ],
191 silly audit   inherits: [ '2.0.4' ],
191 silly audit   'is-arguments': [ '1.2.0' ],
191 silly audit   'is-callable': [ '1.2.7' ],
191 silly audit   'is-generator-function': [ '1.1.2' ],
191 silly audit   'is-nan': [ '1.3.2' ],
191 silly audit   'is-regex': [ '1.2.1' ],
191 silly audit   'is-typed-array': [ '1.1.15' ],
191 silly audit   'isomorphic-ws': [ '4.0.1' ],
191 silly audit   jayson: [ '4.3.0' ],
191 silly audit   'json-stringify-safe': [ '5.0.1' ],
191 silly audit   'math-intrinsics': [ '1.1.0' ],
191 silly audit   ms: [ '2.1.3' ],
191 silly audit   'node-fetch': [ '2.7.0' ],
191 silly audit   'node-gyp-build': [ '4.8.4' ],
191 silly audit   'object-is': [ '1.1.6' ],
191 silly audit   'object-keys': [ '1.1.1' ],
191 silly audit   'object.assign': [ '4.1.7' ],
191 silly audit   'possible-typed-array-names': [ '1.1.0' ],
191 silly audit   'rpc-websockets': [ '9.3.3' ],
191 silly audit   ws: [ '8.19.0', '7.5.10' ],
191 silly audit   'safe-buffer': [ '5.2.1' ],
191 silly audit   'safe-regex-test': [ '1.1.0' ],
191 silly audit   'set-function-length': [ '1.2.2' ],
191 silly audit   'stream-chain': [ '2.2.5' ],
191 silly audit   'stream-json': [ '1.9.1' ],
191 silly audit   superstruct: [ '2.0.2' ],
191 silly audit   'text-encoding-utf-8': [ '1.0.2' ],
191 silly audit   tr46: [ '0.0.3' ],
191 silly audit   tslib: [ '2.8.1' ],
191 silly audit   typescript: [ '5.9.3' ],
191 silly audit   'utf-8-validate': [ '5.0.10' ],
191 silly audit   util: [ '0.12.5' ],
191 silly audit   uuid: [ '8.3.2' ],
191 silly audit   'webidl-conversions': [ '3.0.1' ],
191 silly audit   'whatwg-url': [ '5.0.0' ],
191 silly audit   'which-typed-array': [ '1.1.20' ],
191 silly audit   inquirer: [ '13.2.2' ],
191 silly audit   '@types/node': [ '25.2.1', '12.20.55' ],
191 silly audit   'undici-types': [ '7.16.0' ],
191 silly audit   '@inquirer/ansi': [ '2.0.3' ],
191 silly audit   '@inquirer/core': [ '11.1.1' ],
191 silly audit   '@inquirer/prompts': [ '8.2.0' ],
191 silly audit   '@inquirer/type': [ '4.0.3' ],
191 silly audit   'mute-stream': [ '3.0.0' ],
191 silly audit   'run-async': [ '4.0.6' ],
191 silly audit   rxjs: [ '7.8.2' ],
191 silly audit   '@inquirer/figures': [ '2.0.3' ],
191 silly audit   'cli-width': [ '4.1.0' ],
191 silly audit   'signal-exit': [ '4.1.0' ],
191 silly audit   'wrap-ansi': [ '9.0.2' ],
191 silly audit   '@inquirer/checkbox': [ '5.0.4' ],
191 silly audit   '@inquirer/confirm': [ '6.0.4' ],
191 silly audit   '@inquirer/editor': [ '5.0.4' ],
191 silly audit   '@inquirer/expand': [ '5.0.4' ],
191 silly audit   '@inquirer/input': [ '5.0.4' ],
191 silly audit   '@inquirer/number': [ '4.0.4' ],
191 silly audit   '@inquirer/password': [ '5.0.4' ],
191 silly audit   '@inquirer/rawlist': [ '5.2.0' ],
191 silly audit   '@inquirer/search': [ '4.1.0' ],
191 silly audit   '@inquirer/select': [ '5.0.4' ],
191 silly audit   '@inquirer/external-editor': [ '2.0.3' ],
191 silly audit   chardet: [ '2.1.1' ],
191 silly audit   'iconv-lite': [ '0.7.2' ],
191 silly audit   'safer-buffer': [ '2.1.2' ],
191 silly audit   'ansi-styles': [ '6.2.3' ],
191 silly audit   'string-width': [ '7.2.0' ],
191 silly audit   'strip-ansi': [ '7.1.2' ],
191 silly audit   'emoji-regex': [ '10.6.0' ],
191 silly audit   'get-east-asian-width': [ '1.4.0' ],
191 silly audit   'ansi-regex': [ '6.2.2' ]
191 silly audit }
192 http cache ansi-regex@https://registry.npmjs.org/ansi-regex/-/ansi-regex-6.2.2.tgz 0ms (cache hit)
193 http cache emoji-regex@https://registry.npmjs.org/emoji-regex/-/emoji-regex-10.6.0.tgz 1ms (cache hit)
194 http cache strip-ansi@https://registry.npmjs.org/strip-ansi/-/strip-ansi-7.1.2.tgz 0ms (cache hit)
195 http cache get-east-asian-width@https://registry.npmjs.org/get-east-asian-width/-/get-east-asian-width-1.4.0.tgz 0ms (cache hit)
196 http cache ansi-styles@https://registry.npmjs.org/ansi-styles/-/ansi-styles-6.2.3.tgz 0ms (cache hit)
197 http cache string-width@https://registry.npmjs.org/string-width/-/string-width-7.2.0.tgz 0ms (cache hit)
198 http cache safer-buffer@https://registry.npmjs.org/safer-buffer/-/safer-buffer-2.1.2.tgz 0ms (cache hit)
199 http cache chardet@https://registry.npmjs.org/chardet/-/chardet-2.1.1.tgz 0ms (cache hit)
200 http cache @inquirer/external-editor@https://registry.npmjs.org/@inquirer/external-editor/-/external-editor-2.0.3.tgz 1ms (cache hit)
201 http cache @inquirer/select@https://registry.npmjs.org/@inquirer/select/-/select-5.0.4.tgz 0ms (cache hit)
202 http cache @inquirer/search@https://registry.npmjs.org/@inquirer/search/-/search-4.1.0.tgz 0ms (cache hit)
203 http cache @inquirer/rawlist@https://registry.npmjs.org/@inquirer/rawlist/-/rawlist-5.2.0.tgz 0ms (cache hit)
204 http cache iconv-lite@https://registry.npmjs.org/iconv-lite/-/iconv-lite-0.7.2.tgz 0ms (cache hit)
205 http cache @inquirer/password@https://registry.npmjs.org/@inquirer/password/-/password-5.0.4.tgz 0ms (cache hit)
206 http cache @inquirer/number@https://registry.npmjs.org/@inquirer/number/-/number-4.0.4.tgz 0ms (cache hit)
207 http cache @inquirer/expand@https://registry.npmjs.org/@inquirer/expand/-/expand-5.0.4.tgz 0ms (cache hit)
208 http cache @inquirer/input@https://registry.npmjs.org/@inquirer/input/-/input-5.0.4.tgz 0ms (cache hit)
209 http cache @inquirer/editor@https://registry.npmjs.org/@inquirer/editor/-/editor-5.0.4.tgz 0ms (cache hit)
210 http cache @inquirer/confirm@https://registry.npmjs.org/@inquirer/confirm/-/confirm-6.0.4.tgz 0ms (cache hit)
211 http cache @inquirer/checkbox@https://registry.npmjs.org/@inquirer/checkbox/-/checkbox-5.0.4.tgz 0ms (cache hit)
212 http cache wrap-ansi@https://registry.npmjs.org/wrap-ansi/-/wrap-ansi-9.0.2.tgz 1ms (cache hit)
213 http cache rxjs@https://registry.npmjs.org/rxjs/-/rxjs-7.8.2.tgz 0ms (cache hit)
214 http cache signal-exit@https://registry.npmjs.org/signal-exit/-/signal-exit-4.1.0.tgz 0ms (cache hit)
215 http cache mute-stream@https://registry.npmjs.org/mute-stream/-/mute-stream-3.0.0.tgz 0ms (cache hit)
216 http cache @inquirer/type@https://registry.npmjs.org/@inquirer/type/-/type-4.0.3.tgz 0ms (cache hit)
217 http cache @inquirer/prompts@https://registry.npmjs.org/@inquirer/prompts/-/prompts-8.2.0.tgz 0ms (cache hit)
218 http cache @inquirer/core@https://registry.npmjs.org/@inquirer/core/-/core-11.1.1.tgz 0ms (cache hit)
219 http cache cli-width@https://registry.npmjs.org/cli-width/-/cli-width-4.1.0.tgz 0ms (cache hit)
220 http cache @inquirer/ansi@https://registry.npmjs.org/@inquirer/ansi/-/ansi-2.0.3.tgz 0ms (cache hit)
221 http cache undici-types@https://registry.npmjs.org/undici-types/-/undici-types-7.16.0.tgz 0ms (cache hit)
222 http cache utf-8-validate@https://registry.npmjs.org/utf-8-validate/-/utf-8-validate-5.0.10.tgz 0ms (cache hit)
223 http cache inquirer@https://registry.npmjs.org/inquirer/-/inquirer-13.2.2.tgz 0ms (cache hit)
224 http cache bufferutil@https://registry.npmjs.org/bufferutil/-/bufferutil-4.1.0.tgz 0ms (cache hit)
225 http cache @types/node@https://registry.npmjs.org/@types/node/-/node-12.20.55.tgz 0ms (cache hit)
226 http cache @types/node@https://registry.npmjs.org/@types/node/-/node-25.2.1.tgz 0ms (cache hit)
227 http cache run-async@https://registry.npmjs.org/run-async/-/run-async-4.0.6.tgz 0ms (cache hit)
228 http cache @inquirer/figures@https://registry.npmjs.org/@inquirer/figures/-/figures-2.0.3.tgz 0ms (cache hit)
229 silly tarball no local data for emoji-regex@https://registry.npmjs.org/emoji-regex/-/emoji-regex-10.6.0.tgz. Extracting by manifest.
230 silly tarball no local data for ansi-styles@https://registry.npmjs.org/ansi-styles/-/ansi-styles-6.2.3.tgz. Extracting by manifest.
231 silly tarball no local data for string-width@https://registry.npmjs.org/string-width/-/string-width-7.2.0.tgz. Extracting by manifest.
232 silly tarball no local data for strip-ansi@https://registry.npmjs.org/strip-ansi/-/strip-ansi-7.1.2.tgz. Extracting by manifest.
233 silly tarball no local data for safer-buffer@https://registry.npmjs.org/safer-buffer/-/safer-buffer-2.1.2.tgz. Extracting by manifest.
234 silly tarball no local data for ansi-regex@https://registry.npmjs.org/ansi-regex/-/ansi-regex-6.2.2.tgz. Extracting by manifest.
235 silly tarball no local data for get-east-asian-width@https://registry.npmjs.org/get-east-asian-width/-/get-east-asian-width-1.4.0.tgz. Extracting by manifest.
236 silly tarball no local data for chardet@https://registry.npmjs.org/chardet/-/chardet-2.1.1.tgz. Extracting by manifest.
237 silly tarball no local data for @inquirer/external-editor@https://registry.npmjs.org/@inquirer/external-editor/-/external-editor-2.0.3.tgz. Extracting by manifest.
238 silly tarball no local data for @inquirer/select@https://registry.npmjs.org/@inquirer/select/-/select-5.0.4.tgz. Extracting by manifest.
239 silly tarball no local data for @inquirer/search@https://registry.npmjs.org/@inquirer/search/-/search-4.1.0.tgz. Extracting by manifest.
240 silly tarball no local data for iconv-lite@https://registry.npmjs.org/iconv-lite/-/iconv-lite-0.7.2.tgz. Extracting by manifest.
241 silly tarball no local data for @inquirer/rawlist@https://registry.npmjs.org/@inquirer/rawlist/-/rawlist-5.2.0.tgz. Extracting by manifest.
242 silly tarball no local data for @inquirer/number@https://registry.npmjs.org/@inquirer/number/-/number-4.0.4.tgz. Extracting by manifest.
243 silly tarball no local data for @inquirer/password@https://registry.npmjs.org/@inquirer/password/-/password-5.0.4.tgz. Extracting by manifest.
244 silly tarball no local data for @inquirer/expand@https://registry.npmjs.org/@inquirer/expand/-/expand-5.0.4.tgz. Extracting by manifest.
245 silly tarball no local data for @inquirer/input@https://registry.npmjs.org/@inquirer/input/-/input-5.0.4.tgz. Extracting by manifest.
246 silly tarball no local data for @inquirer/editor@https://registry.npmjs.org/@inquirer/editor/-/editor-5.0.4.tgz. Extracting by manifest.
247 silly tarball no local data for @inquirer/confirm@https://registry.npmjs.org/@inquirer/confirm/-/confirm-6.0.4.tgz. Extracting by manifest.
248 silly tarball no local data for wrap-ansi@https://registry.npmjs.org/wrap-ansi/-/wrap-ansi-9.0.2.tgz. Extracting by manifest.
249 silly tarball no local data for rxjs@https://registry.npmjs.org/rxjs/-/rxjs-7.8.2.tgz. Extracting by manifest.
250 silly tarball no local data for @inquirer/checkbox@https://registry.npmjs.org/@inquirer/checkbox/-/checkbox-5.0.4.tgz. Extracting by manifest.
251 silly tarball no local data for signal-exit@https://registry.npmjs.org/signal-exit/-/signal-exit-4.1.0.tgz. Extracting by manifest.
252 silly tarball no local data for mute-stream@https://registry.npmjs.org/mute-stream/-/mute-stream-3.0.0.tgz. Extracting by manifest.
253 silly tarball no local data for @inquirer/type@https://registry.npmjs.org/@inquirer/type/-/type-4.0.3.tgz. Extracting by manifest.
254 silly tarball no local data for @inquirer/prompts@https://registry.npmjs.org/@inquirer/prompts/-/prompts-8.2.0.tgz. Extracting by manifest.
255 silly tarball no local data for @inquirer/core@https://registry.npmjs.org/@inquirer/core/-/core-11.1.1.tgz. Extracting by manifest.
256 silly tarball no local data for cli-width@https://registry.npmjs.org/cli-width/-/cli-width-4.1.0.tgz. Extracting by manifest.
257 silly tarball no local data for @inquirer/ansi@https://registry.npmjs.org/@inquirer/ansi/-/ansi-2.0.3.tgz. Extracting by manifest.
258 silly tarball no local data for undici-types@https://registry.npmjs.org/undici-types/-/undici-types-7.16.0.tgz. Extracting by manifest.
259 silly tarball no local data for inquirer@https://registry.npmjs.org/inquirer/-/inquirer-13.2.2.tgz. Extracting by manifest.
260 silly tarball no local data for @types/node@https://registry.npmjs.org/@types/node/-/node-25.2.1.tgz. Extracting by manifest.
261 silly tarball no local data for run-async@https://registry.npmjs.org/run-async/-/run-async-4.0.6.tgz. Extracting by manifest.
262 silly tarball no local data for @inquirer/figures@https://registry.npmjs.org/@inquirer/figures/-/figures-2.0.3.tgz. Extracting by manifest.
263 http fetch GET 200 https://registry.npmjs.org/strip-ansi/-/strip-ansi-7.1.2.tgz 350ms (cache miss)
264 http fetch GET 200 https://registry.npmjs.org/emoji-regex/-/emoji-regex-10.6.0.tgz 357ms (cache miss)
265 http fetch GET 200 https://registry.npmjs.org/ansi-styles/-/ansi-styles-6.2.3.tgz 356ms (cache miss)
266 http fetch GET 200 https://registry.npmjs.org/string-width/-/string-width-7.2.0.tgz 357ms (cache miss)
267 http fetch POST 200 https://registry.npmjs.org/-/npm/v1/security/advisories/bulk 541ms
268 silly audit report {
268 silly audit report   'bigint-buffer': [
268 silly audit report     {
268 silly audit report       id: 1103747,
268 silly audit report       url: 'https://github.com/advisories/GHSA-3gc7-fjrx-p6mg',
268 silly audit report       title: 'bigint-buffer Vulnerable to Buffer Overflow via toBigIntLE() Function',
268 silly audit report       severity: 'high',
268 silly audit report       vulnerable_versions: '<=1.1.5',
268 silly audit report       cwe: [Array],
268 silly audit report       cvss: [Object]
268 silly audit report     }
268 silly audit report   ]
268 silly audit report }
269 silly packumentCache corgi:https://registry.npmjs.org/bigint-buffer cache-miss
270 http fetch GET 200 https://registry.npmjs.org/@inquirer/expand/-/expand-5.0.4.tgz 653ms (cache miss)
271 http fetch GET 200 https://registry.npmjs.org/@inquirer/confirm/-/confirm-6.0.4.tgz 651ms (cache miss)
272 http fetch GET 200 https://registry.npmjs.org/get-east-asian-width/-/get-east-asian-width-1.4.0.tgz 704ms (cache miss)
273 http fetch GET 200 https://registry.npmjs.org/safer-buffer/-/safer-buffer-2.1.2.tgz 1108ms (cache miss)
274 http fetch GET 200 https://registry.npmjs.org/ansi-regex/-/ansi-regex-6.2.2.tgz 1191ms (cache miss)
275 http fetch GET 200 https://registry.npmjs.org/@inquirer/number/-/number-4.0.4.tgz 1198ms (cache miss)
276 http fetch GET 200 https://registry.npmjs.org/wrap-ansi/-/wrap-ansi-9.0.2.tgz 1194ms (cache miss)
277 http fetch GET 200 https://registry.npmjs.org/chardet/-/chardet-2.1.1.tgz 1225ms (cache miss)
278 http fetch GET 200 https://registry.npmjs.org/@inquirer/rawlist/-/rawlist-5.2.0.tgz 1315ms (cache miss)
279 http fetch GET 200 https://registry.npmjs.org/@inquirer/password/-/password-5.0.4.tgz 1711ms (cache miss)
280 http fetch GET 200 https://registry.npmjs.org/signal-exit/-/signal-exit-4.1.0.tgz 1790ms (cache miss)
281 http fetch GET 200 https://registry.npmjs.org/@inquirer/input/-/input-5.0.4.tgz 1804ms (cache miss)
282 http fetch GET 200 https://registry.npmjs.org/mute-stream/-/mute-stream-3.0.0.tgz 1806ms (cache miss)
283 http fetch GET 200 https://registry.npmjs.org/@inquirer/type/-/type-4.0.3.tgz 1830ms (cache miss)
284 http fetch GET 200 https://registry.npmjs.org/@inquirer/prompts/-/prompts-8.2.0.tgz 1839ms (cache miss)
285 http fetch GET 200 https://registry.npmjs.org/@inquirer/external-editor/-/external-editor-2.0.3.tgz 1895ms (cache miss)
286 http fetch GET 200 https://registry.npmjs.org/@inquirer/search/-/search-4.1.0.tgz 1897ms (cache miss)
287 http fetch GET 200 https://registry.npmjs.org/@inquirer/core/-/core-11.1.1.tgz 2079ms (cache miss)
288 http fetch GET 200 https://registry.npmjs.org/cli-width/-/cli-width-4.1.0.tgz 2084ms (cache miss)
289 http fetch GET 200 https://registry.npmjs.org/@inquirer/checkbox/-/checkbox-5.0.4.tgz 2215ms (cache miss)
290 http fetch GET 200 https://registry.npmjs.org/@inquirer/editor/-/editor-5.0.4.tgz 2274ms (cache miss)
291 http fetch GET 200 https://registry.npmjs.org/inquirer/-/inquirer-13.2.2.tgz 2397ms (cache miss)
292 http fetch GET 200 https://registry.npmjs.org/undici-types/-/undici-types-7.16.0.tgz 2511ms (cache miss)
293 http fetch GET 200 https://registry.npmjs.org/@inquirer/figures/-/figures-2.0.3.tgz 2548ms (cache miss)
294 http fetch GET 200 https://registry.npmjs.org/run-async/-/run-async-4.0.6.tgz 2632ms (cache miss)
295 http fetch GET 200 https://registry.npmjs.org/bigint-buffer 2885ms (cache revalidated)
296 silly packumentCache corgi:https://registry.npmjs.org/bigint-buffer set size:23987 disposed:false
297 silly packumentCache corgi:https://registry.npmjs.org/@solana%2fbuffer-layout-utils cache-miss
298 silly packumentCache corgi:https://registry.npmjs.org/@solana%2fweb3.js cache-miss
299 http fetch GET 200 https://registry.npmjs.org/@inquirer/select/-/select-5.0.4.tgz 4018ms (cache miss)
300 http fetch GET 200 https://registry.npmjs.org/iconv-lite/-/iconv-lite-0.7.2.tgz 4148ms (cache miss)
301 http fetch GET 200 https://registry.npmjs.org/@types/node/-/node-25.2.1.tgz 4251ms (cache miss)
302 http fetch GET 200 https://registry.npmjs.org/@solana%2fbuffer-layout-utils 955ms (cache revalidated)
303 silly packumentCache corgi:https://registry.npmjs.org/@solana%2fbuffer-layout-utils set size:7593 disposed:false
304 http fetch GET 200 https://registry.npmjs.org/@solana%2fweb3.js 1158ms (cache revalidated)
305 silly packumentCache corgi:https://registry.npmjs.org/@solana%2fweb3.js set size:4685234 disposed:false
306 silly packumentCache corgi:https://registry.npmjs.org/@solana%2fspl-token cache-miss
307 http fetch GET 200 https://registry.npmjs.org/@inquirer/ansi/-/ansi-2.0.3.tgz 5038ms (cache miss)
308 http fetch GET 200 https://registry.npmjs.org/@solana%2fspl-token 545ms (cache revalidated)
309 silly packumentCache corgi:https://registry.npmjs.org/@solana%2fspl-token set size:107417 disposed:false
310 silly packumentCache corgi:https://registry.npmjs.org/@metaplex-foundation%2fbeet-solana cache-miss
311 silly packumentCache corgi:https://registry.npmjs.org/@metaplex-foundation%2fmpl-token-metadata cache-miss
312 silly packumentCache corgi:https://registry.npmjs.org/@solana%2fspl-token-group cache-miss
313 silly packumentCache corgi:https://registry.npmjs.org/@solana%2fspl-token-metadata cache-miss
314 http fetch GET 200 https://registry.npmjs.org/@solana%2fspl-token-metadata 626ms (cache revalidated)
315 silly packumentCache corgi:https://registry.npmjs.org/@solana%2fspl-token-metadata set size:10803 disposed:false
316 http fetch GET 200 https://registry.npmjs.org/@metaplex-foundation%2fbeet-solana 637ms (cache revalidated)
317 silly packumentCache corgi:https://registry.npmjs.org/@metaplex-foundation%2fbeet-solana set size:24528 disposed:false
318 http fetch GET 200 https://registry.npmjs.org/@solana%2fspl-token-group 928ms (cache revalidated)
319 silly packumentCache corgi:https://registry.npmjs.org/@solana%2fspl-token-group set size:8656 disposed:false
320 http fetch GET 200 https://registry.npmjs.org/@metaplex-foundation%2fmpl-token-metadata 1001ms (cache revalidated)
321 silly packumentCache corgi:https://registry.npmjs.org/@metaplex-foundation%2fmpl-token-metadata set size:164554 disposed:false
322 http fetch GET 200 https://registry.npmjs.org/rxjs/-/rxjs-7.8.2.tgz 6413ms (cache miss)
323 info run bufferutil@4.1.0 install node_modules/bufferutil node-gyp-build
324 info run bufferutil@4.1.0 install { code: 1, signal: null }
325 verbose reify failed optional dependency /data/data/com.termux/files/home/node_modules/bufferutil
326 silly reify mark deleted [ '/data/data/com.termux/files/home/node_modules/bufferutil' ]
327 info run utf-8-validate@5.0.10 install node_modules/utf-8-validate node-gyp-build
328 info run utf-8-validate@5.0.10 install { code: 1, signal: null }
329 verbose reify failed optional dependency /data/data/com.termux/files/home/node_modules/utf-8-validate
330 silly reify mark deleted [ '/data/data/com.termux/files/home/node_modules/utf-8-validate' ]
331 silly ADD node_modules/ansi-regex
332 silly ADD node_modules/get-east-asian-width
333 silly ADD node_modules/emoji-regex
334 silly ADD node_modules/strip-ansi
335 silly ADD node_modules/string-width
336 silly ADD node_modules/ansi-styles
337 silly ADD node_modules/safer-buffer
338 silly ADD node_modules/iconv-lite
339 silly ADD node_modules/chardet
340 silly ADD node_modules/@inquirer/external-editor
341 silly ADD node_modules/@inquirer/select
342 silly ADD node_modules/@inquirer/search
343 silly ADD node_modules/@inquirer/rawlist
344 silly ADD node_modules/@inquirer/password
345 silly ADD node_modules/@inquirer/number
346 silly ADD node_modules/@inquirer/input
347 silly ADD node_modules/@inquirer/expand
348 silly ADD node_modules/@inquirer/editor
349 silly ADD node_modules/@inquirer/confirm
350 silly ADD node_modules/@inquirer/checkbox
351 silly ADD node_modules/wrap-ansi
352 silly ADD node_modules/signal-exit
353 silly ADD node_modules/cli-width
354 silly ADD node_modules/@inquirer/figures
355 silly ADD node_modules/rxjs
356 silly ADD node_modules/run-async
357 silly ADD node_modules/mute-stream
358 silly ADD node_modules/@inquirer/type
359 silly ADD node_modules/@inquirer/prompts
360 silly ADD node_modules/@inquirer/core
361 silly ADD node_modules/@inquirer/ansi
362 silly ADD node_modules/undici-types
363 silly ADD node_modules/inquirer
364 silly ADD
365 silly ADD
366 silly ADD node_modules/jayson/node_modules/@types/node
367 silly CHANGE node_modules/@types/node
368 verbose cwd /data/data/com.termux/files/home
369 verbose os Linux 5.15.167-android13-8-31192385-abA057GXXS9DYJ1
370 verbose node v25.3.0
371 verbose npm  v11.8.0
372 verbose exit 0
373 info ok
